C51 COMPILER V9.54   MAIN                                                                  07/19/2023 09:53:21 PAGE 1   


C51 COMPILER V9.54, COMPILATION OF MODULE MAIN
OBJECT MODULE PLACED IN .\Objects\main.obj
COMPILER INVOKED BY: D:\software\computing\UV4\C51\BIN\C51.EXE main.c OPTIMIZE(8,SPEED) BROWSE DEBUG OBJECTEXTEND PRINT(
                    -.\Listings\main.lst) TABS(2) OBJECT(.\Objects\main.obj)

line level    source

   1          #include<REGX52.H>
   2          void main()
   3          {
   4   1        while(1)
   5   1          {
   6   2            if(P3_1==0)
   7   2              {
   8   3                P2_0=0;
   9   3                if(P3_1==0)
  10   3                  P2_0=1;
  11   3              }
  12   2            else if(P3_0==0)
  13   2            {
  14   3              P2_1=0;
  15   3              if(P3_0==0)
  16   3                P2_1=1;
  17   3            }
  18   2            else if(P3_2==0)
  19   2            {
  20   3              P2_2=0;
  21   3              if(P3_2==0)
  22   3                P2_2=1;
  23   3            }
  24   2            else if(P3_3==0)
  25   2            {
  26   3              P2_3=0;
  27   3              if(P3_3==0)
  28   3                P2_3=1;
  29   3            }
  30   2          }
  31   1      }


MODULE INFORMATION:   STATIC OVERLAYABLE
   CODE SIZE        =     48    ----
   CONSTANT SIZE    =   ----    ----
   XDATA SIZE       =   ----    ----
   PDATA SIZE       =   ----    ----
   DATA SIZE        =   ----    ----
   IDATA SIZE       =   ----    ----
   BIT SIZE         =   ----    ----
END OF MODULE INFORMATION.


C51 COMPILATION COMPLETE.  0 WARNING(S),  0 ERROR(S)
