C51 COMPILER V9.54   MAIN                                                                  07/19/2023 11:04:28 PAGE 1   


C51 COMPILER V9.54, COMPILATION OF MODULE MAIN
OBJECT MODULE PLACED IN .\Objects\main.obj
COMPILER INVOKED BY: D:\software\computing\UV4\C51\BIN\C51.EXE main.c OPTIMIZE(8,SPEED) BROWSE DEBUG OBJECTEXTEND PRINT(
                    -.\Listings\main.lst) TABS(2) OBJECT(.\Objects\main.obj)

line level    source

   1          #include<REGX52.H>
   2          #include<INTRINS.H>
   3          void Delay1ms(unsigned int xms)   //@12.000MHz
   4          {
   5   1        unsigned char i, j;
   6   1        while(xms)
   7   1        {
   8   2          i = 2;
   9   2        j = 239;
  10   2        do
  11   2        {
  12   3          while (--j);
  13   3        } while (--i);
  14   2          xms--;
  15   2        }
  16   1        
  17   1      }
  18          void main()
  19          {
  20   1        while(1)
  21   1        {
  22   2          if(P3_1==0)
  23   2          {
  24   3            Delay1ms(20);
  25   3            while(P3_1==0);
  26   3            Delay1ms(20);
  27   3            P2_0=~P2_0;
  28   3          }
  29   2          else if(P3_0==0)
  30   2          {
  31   3            Delay1ms(20);
  32   3            while(P3_1==0);
  33   3            Delay1ms(20);
  34   3            P2_1=~P2_1;
  35   3          }
  36   2          else if(P3_2==0)
  37   2          {
  38   3            Delay1ms(20);
  39   3            while(P3_2==0);
  40   3            Delay1ms(20);
  41   3            P2_2=~P2_2;
  42   3          }
  43   2          else if(P3_3==0)
  44   2          {
  45   3            Delay1ms(20);
  46   3            while(P3_3==0);
  47   3            Delay1ms(20);
  48   3            P2_3=~P3_3;
  49   3          }
  50   2          else if((P3_1==0)&&(P3_0==0))
  51   2          {
  52   3            Delay1ms(20);
  53   3            while((P3_1==0)&&(P3_0==0));
  54   3            Delay1ms(20);
C51 COMPILER V9.54   MAIN                                                                  07/19/2023 11:04:28 PAGE 2   

  55   3            P2_4=~P2_4;
  56   3          }
  57   2          else if((P3_0==0)&&(P3_2==0))
  58   2          {
  59   3            Delay1ms(20);
  60   3            while((P3_0==0)&&(P3_2==0));
  61   3            Delay1ms(20);
  62   3            P2_5=~P2_5;
  63   3          }
  64   2          else if((P3_2==0)&&(P3_3==0))
  65   2          {
  66   3            Delay1ms(20);
  67   3            while((P3_0==0)&&(P3_2==0));
  68   3            Delay1ms(20);
  69   3            P2_6=~P2_6;
  70   3          }
  71   2          else if((P3_1==0)&&(P3_3==0))
  72   2          {
  73   3            Delay1ms(20);
  74   3            while((P3_0==0)&&(P3_2==0));
  75   3            Delay1ms(20);
  76   3            P2_7=~P2_7;
  77   3          }
  78   2        }
  79   1      }
  80          


MODULE INFORMATION:   STATIC OVERLAYABLE
   CODE SIZE        =    189    ----
   CONSTANT SIZE    =   ----    ----
   XDATA SIZE       =   ----    ----
   PDATA SIZE       =   ----    ----
   DATA SIZE        =   ----    ----
   IDATA SIZE       =   ----    ----
   BIT SIZE         =   ----    ----
END OF MODULE INFORMATION.


C51 COMPILATION COMPLETE.  0 WARNING(S),  0 ERROR(S)
