C51 COMPILER V9.54   MAIN                                                                  07/18/2023 18:59:22 PAGE 1   


C51 COMPILER V9.54, COMPILATION OF MODULE MAIN
OBJECT MODULE PLACED IN .\Objects\main.obj
COMPILER INVOKED BY: D:\software\computing\UV4\C51\BIN\C51.EXE main.c OPTIMIZE(8,SPEED) BROWSE DEBUG OBJECTEXTEND PRINT(
                    -.\Listings\main.lst) TABS(2) OBJECT(.\Objects\main.obj)

line level    source

   1          #include<REGX52.H>
   2          void main()
   3          {
   4   1        P2=0x55;
   5   1      }


MODULE INFORMATION:   STATIC OVERLAYABLE
   CODE SIZE        =      4    ----
   CONSTANT SIZE    =   ----    ----
   XDATA SIZE       =   ----    ----
   PDATA SIZE       =   ----    ----
   DATA SIZE        =   ----    ----
   IDATA SIZE       =   ----    ----
   BIT SIZE         =   ----    ----
END OF MODULE INFORMATION.


C51 COMPILATION COMPLETE.  0 WARNING(S),  0 ERROR(S)
