C51 COMPILER V9.54   MAIN                                                                  07/19/2023 17:22:53 PAGE 1   


C51 COMPILER V9.54, COMPILATION OF MODULE MAIN
OBJECT MODULE PLACED IN .\Objects\main.obj
COMPILER INVOKED BY: D:\software\computing\UV4\C51\BIN\C51.EXE main.c OPTIMIZE(8,SPEED) BROWSE DEBUG OBJECTEXTEND PRINT(
                    -.\Listings\main.lst) TABS(2) OBJECT(.\Objects\main.obj)

line level    source

   1          #include <REGX52.H>
   2          void Nexie(unsigned char Location,Number)
   3          {
   4   1        switch(Location)
   5   1        {
   6   2          case 1:P2_4=1;P2_3=1;P2_2=1;break;
   7   2          case 2:P2_4=1;P2_3=1;P2_2=0;break;
   8   2          case 3:P2_4=1;P2_3=0;P2_2=1;break;
   9   2          case 4:P2_4=1;P2_3=0;P2_2=0;break;
  10   2          case 5:P2_4=0;P2_3=1;P2_2=1;break;
  11   2          case 6:P2_4=0;P2_3=1;P2_2=0;break;
  12   2          case 7:P2_4=0;P2_3=0;P2_2=1;break;
  13   2          case 8:P2_4=0;P2_3=0;P2_2=0;break;
  14   2        }
  15   1        P0=0x7D;
  16   1      }
  17          void main()
  18          {
  19   1          Nexie(7,3);
  20   1          while(1)
  21   1          {
  22   2          
  23   2          }
  24   1      }


MODULE INFORMATION:   STATIC OVERLAYABLE
   CODE SIZE        =    110    ----
   CONSTANT SIZE    =   ----    ----
   XDATA SIZE       =   ----    ----
   PDATA SIZE       =   ----    ----
   DATA SIZE        =   ----       2
   IDATA SIZE       =   ----    ----
   BIT SIZE         =   ----    ----
END OF MODULE INFORMATION.


C51 COMPILATION COMPLETE.  0 WARNING(S),  0 ERROR(S)
