C51 COMPILER V9.54   MAIN                                                                  07/20/2023 14:54:23 PAGE 1   


C51 COMPILER V9.54, COMPILATION OF MODULE MAIN
OBJECT MODULE PLACED IN .\Objects\main.obj
COMPILER INVOKED BY: D:\software\computing\UV4\C51\BIN\C51.EXE main.c OPTIMIZE(8,SPEED) BROWSE INCDIR(C:\Users\zghlin\De
                    -sktop\kaifa\LCD1602µ÷ÊÔ¹¤¾ß) DEBUG OBJECTEXTEND PRINT(.\Listings\main.lst) TABS(2) OBJECT(.\Objects\main.obj)

line level    source

   1          #include <REGX52.H>
   2          #include<LCD1602.H>
   3          #include<Delay.H>
   4          void main()
   5          {
   6   1        int result=0;
   7   1        LCD_Init();
   8   1        while(1)
   9   1        {
  10   2          result++;
  11   2          Delay(1000);
  12   2          LCD_ShowNum(1,1,result,9);
  13   2        }
  14   1      }


MODULE INFORMATION:   STATIC OVERLAYABLE
   CODE SIZE        =     39    ----
   CONSTANT SIZE    =   ----    ----
   XDATA SIZE       =   ----    ----
   PDATA SIZE       =   ----    ----
   DATA SIZE        =   ----       2
   IDATA SIZE       =   ----    ----
   BIT SIZE         =   ----    ----
END OF MODULE INFORMATION.


C51 COMPILATION COMPLETE.  0 WARNING(S),  0 ERROR(S)
