C51 COMPILER V9.54   MAIN                                                                  07/20/2023 14:17:50 PAGE 1   


C51 COMPILER V9.54, COMPILATION OF MODULE MAIN
OBJECT MODULE PLACED IN .\Objects\main.obj
COMPILER INVOKED BY: D:\software\computing\UV4\C51\BIN\C51.EXE main.c OPTIMIZE(8,SPEED) BROWSE INCDIR(C:\Users\zghlin\De
                    -sktop\kaifa\动态数码管显示2) DEBUG OBJECTEXTEND PRINT(.\Listings\main.lst) TABS(2) OBJECT(.\Objects\main.obj)

line level    source

   1          #include <REGX52.H>
   2          #include<Delay.H>
   3          #include<Nexie.H>
   4          void main()
   5          {
   6   1          while(1)
   7   1          {
   8   2            Nexie(1,1);
   9   2            Delay(1);
  10   2            Nexie(2,2);
  11   2            Delay(1);
  12   2            Nexie(3,3);
  13   2            Delay(1);
  14   2            Nexie(4,4);
  15   2            Delay(1);
  16   2            Nexie(5,5);
  17   2            Delay(1);
  18   2            Nexie(6,6);
  19   2            Delay(1);
  20   2            Nexie(7,7);
  21   2            Delay(1);
  22   2            Nexie(8,9);
  23   2            Delay(1);
  24   2            
  25   2          }
  26   1      }


MODULE INFORMATION:   STATIC OVERLAYABLE
   CODE SIZE        =    131    ----
   CONSTANT SIZE    =   ----    ----
   XDATA SIZE       =   ----    ----
   PDATA SIZE       =   ----    ----
   DATA SIZE        =   ----    ----
   IDATA SIZE       =   ----    ----
   BIT SIZE         =   ----    ----
END OF MODULE INFORMATION.


C51 COMPILATION COMPLETE.  0 WARNING(S),  0 ERROR(S)
