C51 COMPILER V9.54   NEXIE                                                                 07/20/2023 14:17:50 PAGE 1   


C51 COMPILER V9.54, COMPILATION OF MODULE NEXIE
OBJECT MODULE PLACED IN .\Objects\Nexie.obj
COMPILER INVOKED BY: D:\software\computing\UV4\C51\BIN\C51.EXE Nexie.c OPTIMIZE(8,SPEED) BROWSE INCDIR(C:\Users\zghlin\D
                    -esktop\kaifa\动态数码管显示2) DEBUG OBJECTEXTEND PRINT(.\Listings\Nexie.lst) TABS(2) OBJECT(.\Objects\Nexie.obj)

line level    source

   1          #include <REGX52.H>
   2          
   3          unsigned char NexieTable[]={0x3F,0x06,0x5B,0x4F,0x66,0x6D,0x7D,0x07,0x07,0x7F,0x6F};
   4          void Nexie(unsigned char Location,Number)
   5          {
   6   1        switch(Location)
   7   1        {
   8   2          case 1:P2_4=1;P2_3=1;P2_2=1;break;
   9   2          case 2:P2_4=1;P2_3=1;P2_2=0;break;
  10   2          case 3:P2_4=1;P2_3=0;P2_2=1;break;
  11   2          case 4:P2_4=1;P2_3=0;P2_2=0;break;
  12   2          case 5:P2_4=0;P2_3=1;P2_2=1;break;
  13   2          case 6:P2_4=0;P2_3=1;P2_2=0;break;
  14   2          case 7:P2_4=0;P2_3=0;P2_2=1;break;
  15   2          case 8:P2_4=0;P2_3=0;P2_2=0;break;
  16   2        }
  17   1        P0=NexieTable[Number];
  18   1      }


MODULE INFORMATION:   STATIC OVERLAYABLE
   CODE SIZE        =     99    ----
   CONSTANT SIZE    =   ----    ----
   XDATA SIZE       =   ----    ----
   PDATA SIZE       =   ----    ----
   DATA SIZE        =     11    ----
   IDATA SIZE       =   ----    ----
   BIT SIZE         =   ----    ----
END OF MODULE INFORMATION.


C51 COMPILATION COMPLETE.  0 WARNING(S),  0 ERROR(S)
